<?xml version="1.0" encoding="UTF-8"?>
<testsuite xmlns:xsi="http://www.w3.org/2001/XMLSchema-instance" xsi:noNamespaceSchemaLocation="https://maven.apache.org/surefire/maven-surefire-plugin/xsd/surefire-test-report-3.0.xsd" version="3.0" name="com.example.app.service.CommandServiceTest" time="0.065" tests="8" errors="0" skipped="0" failures="0">
  <properties>
[...]
</properties>
  <testcase name="handleCommand_withTrailingArgs_stillWorks" classname="com.example.app.service.CommandServiceTest" time="0.022"/>
  <testcase name="handleCommand_help_listsCommands" classname="com.example.app.service.CommandServiceTest" time="0.001"/>
  <testcase name="handleCommand_unknown_returnsNull" classname="com.example.app.service.CommandServiceTest" time="0.002"/>
  <testcase name="addCommand_andCallIt" classname="com.example.app.service.CommandServiceTest" time="0.006"/>
  <testcase name="handleCommand_social_returnsSocialLinks" classname="com.example.app.service.CommandServiceTest" time="0.001"/>
  <testcase name="handleCommand_isCaseInsensitive" classname="com.example.app.service.CommandServiceTest" time="0.001"/>
  <testcase name="handleCommand_time_returnsCurrentTime" classname="com.example.app.service.CommandServiceTest" time="0.004"/>
  <testcase name="handleCommand_ping_returnsPong" classname="com.example.app.service.CommandServiceTest" time="0.001"/>
</testsuite>